<?xml version="1.0" encoding="UTF-8"?>
<testng-results skipped="0" failed="1" total="4" passed="3">
  <reporter-output>
  </reporter-output>
  <suite name="Suite" duration-ms="132197" started-at="2019-01-23T10:56:23Z" finished-at="2019-01-23T10:58:35Z">
    <groups>
    </groups>
    <test name="TitleValidation" duration-ms="21719" started-at="2019-01-23T10:56:23Z" finished-at="2019-01-23T10:56:45Z">
      <class name="Academy.validateTitle">
        <test-method status="PASS" signature="OpenURL()[pri:0, instance:Academy.validateTitle@7995092a]" name="OpenURL" is-config="true" duration-ms="17660" started-at="2019-01-23T16:26:23Z" finished-at="2019-01-23T16:26:41Z">
          <reporter-output>
          </reporter-output>
        </test-method> <!-- OpenURL -->
        <test-method status="FAIL" signature="Title()[pri:0, instance:Academy.validateTitle@7995092a]" name="Title" duration-ms="488" started-at="2019-01-23T16:26:41Z" finished-at="2019-01-23T16:26:41Z">
          <exception class="java.lang.AssertionError">
            <message>
              <![CDATA[expected [FEATURED 123COURSES] but found [FEATURED COURSES]]]>
            </message>
            <full-stacktrace>
              <![CDATA[java.lang.AssertionError: expected [FEATURED 123COURSES] but found [FEATURED COURSES]
	at org.testng.Assert.fail(Assert.java:94)
	at org.testng.Assert.failNotEquals(Assert.java:494)
	at org.testng.Assert.assertEquals(Assert.java:123)
	at org.testng.Assert.assertEquals(Assert.java:176)
	at org.testng.Assert.assertEquals(Assert.java:186)
	at Academy.validateTitle.Title(validateTitle.java:38)
	at sun.reflect.NativeMethodAccessorImpl.invoke0(Native Method)
	at sun.reflect.NativeMethodAccessorImpl.invoke(NativeMethodAccessorImpl.java:62)
	at sun.reflect.DelegatingMethodAccessorImpl.invoke(DelegatingMethodAccessorImpl.java:43)
	at java.lang.reflect.Method.invoke(Method.java:498)
	at org.testng.internal.MethodInvocationHelper.invokeMethod(MethodInvocationHelper.java:84)
	at org.testng.internal.Invoker.invokeMethod(Invoker.java:714)
	at org.testng.internal.Invoker.invokeTestMethod(Invoker.java:901)
	at org.testng.internal.Invoker.invokeTestMethods(Invoker.java:1231)
	at org.testng.internal.TestMethodWorker.invokeTestMethods(TestMethodWorker.java:127)
	at org.testng.internal.TestMethodWorker.run(TestMethodWorker.java:111)
	at org.testng.TestRunner.privateRun(TestRunner.java:767)
	at org.testng.TestRunner.run(TestRunner.java:617)
	at org.testng.SuiteRunner.runTest(SuiteRunner.java:334)
	at org.testng.SuiteRunner.runSequentially(SuiteRunner.java:329)
	at org.testng.SuiteRunner.privateRun(SuiteRunner.java:291)
	at org.testng.SuiteRunner.run(SuiteRunner.java:240)
	at org.testng.SuiteRunnerWorker.runSuite(SuiteRunnerWorker.java:52)
	at org.testng.SuiteRunnerWorker.run(SuiteRunnerWorker.java:86)
	at org.testng.TestNG.runSuitesSequentially(TestNG.java:1224)
	at org.testng.TestNG.runSuitesLocally(TestNG.java:1149)
	at org.testng.TestNG.run(TestNG.java:1057)
	at org.testng.remote.AbstractRemoteTestNG.run(AbstractRemoteTestNG.java:114)
	at org.testng.remote.RemoteTestNG.initAndRun(RemoteTestNG.java:251)
	at org.testng.remote.RemoteTestNG.main(RemoteTestNG.java:77)
]]>
            </full-stacktrace>
          </exception> <!-- java.lang.AssertionError -->
          <reporter-output>
          </reporter-output>
        </test-method> <!-- Title -->
        <test-method status="PASS" signature="closeBrowser()[pri:0, instance:Academy.validateTitle@7995092a]" name="closeBrowser" is-config="true" duration-ms="2744" started-at="2019-01-23T16:26:42Z" finished-at="2019-01-23T16:26:45Z">
          <reporter-output>
          </reporter-output>
        </test-method> <!-- closeBrowser -->
      </class> <!-- Academy.validateTitle -->
    </test> <!-- TitleValidation -->
    <test name="HomePageValidation" duration-ms="98461" started-at="2019-01-23T10:56:45Z" finished-at="2019-01-23T10:58:23Z">
      <class name="Academy.HomePage">
        <test-method status="PASS" signature="OpenURL()[pri:0, instance:Academy.HomePage@d706f19]" name="OpenURL" is-config="true" duration-ms="10078" started-at="2019-01-23T16:26:45Z" finished-at="2019-01-23T16:26:55Z">
          <reporter-output>
          </reporter-output>
        </test-method> <!-- OpenURL -->
        <test-method status="PASS" signature="Home(java.lang.String, java.lang.String, java.lang.String)[pri:0, instance:Academy.HomePage@d706f19]" name="Home" duration-ms="17752" started-at="2019-01-23T16:26:55Z" data-provider="getData" finished-at="2019-01-23T16:27:12Z">
          <params>
            <param index="0">
              <value>
                <![CDATA[abc@xyz.com]]>
              </value>
            </param>
            <param index="1">
              <value>
                <![CDATA[12345]]>
              </value>
            </param>
            <param index="2">
              <value>
                <![CDATA[1st login]]>
              </value>
            </param>
          </params>
          <reporter-output>
          </reporter-output>
        </test-method> <!-- Home -->
        <test-method status="PASS" signature="closeBrowser()[pri:0, instance:Academy.HomePage@d706f19]" name="closeBrowser" is-config="true" duration-ms="84" started-at="2019-01-23T16:27:12Z" finished-at="2019-01-23T16:27:13Z">
          <reporter-output>
          </reporter-output>
        </test-method> <!-- closeBrowser -->
        <test-method status="PASS" signature="OpenURL()[pri:0, instance:Academy.HomePage@d706f19]" name="OpenURL" is-config="true" duration-ms="17094" started-at="2019-01-23T16:27:13Z" finished-at="2019-01-23T16:27:30Z">
          <reporter-output>
          </reporter-output>
        </test-method> <!-- OpenURL -->
        <test-method status="PASS" signature="Home(java.lang.String, java.lang.String, java.lang.String)[pri:0, instance:Academy.HomePage@d706f19]" name="Home" duration-ms="53371" started-at="2019-01-23T16:27:30Z" data-provider="getData" finished-at="2019-01-23T16:28:23Z">
          <params>
            <param index="0">
              <value>
                <![CDATA[abcdefghi@xyz.com]]>
              </value>
            </param>
            <param index="1">
              <value>
                <![CDATA[98765]]>
              </value>
            </param>
            <param index="2">
              <value>
                <![CDATA[2nd login]]>
              </value>
            </param>
          </params>
          <reporter-output>
          </reporter-output>
        </test-method> <!-- Home -->
        <test-method status="PASS" signature="closeBrowser()[pri:0, instance:Academy.HomePage@d706f19]" name="closeBrowser" is-config="true" duration-ms="76" started-at="2019-01-23T16:28:23Z" finished-at="2019-01-23T16:28:23Z">
          <reporter-output>
          </reporter-output>
        </test-method> <!-- closeBrowser -->
      </class> <!-- Academy.HomePage -->
    </test> <!-- HomePageValidation -->
    <test name="NavigationValidation" duration-ms="11976" started-at="2019-01-23T10:58:23Z" finished-at="2019-01-23T10:58:35Z">
      <class name="Academy.validateNavigationBar">
        <test-method status="PASS" signature="OpenURL()[pri:0, instance:Academy.validateNavigationBar@147ed70f]" name="OpenURL" is-config="true" duration-ms="9599" started-at="2019-01-23T16:28:23Z" finished-at="2019-01-23T16:28:33Z">
          <reporter-output>
          </reporter-output>
        </test-method> <!-- OpenURL -->
        <test-method status="PASS" signature="Navigation()[pri:0, instance:Academy.validateNavigationBar@147ed70f]" name="Navigation" duration-ms="30" started-at="2019-01-23T16:28:33Z" finished-at="2019-01-23T16:28:33Z">
          <reporter-output>
          </reporter-output>
        </test-method> <!-- Navigation -->
        <test-method status="PASS" signature="closeBrowser()[pri:0, instance:Academy.validateNavigationBar@147ed70f]" name="closeBrowser" is-config="true" duration-ms="2345" started-at="2019-01-23T16:28:33Z" finished-at="2019-01-23T16:28:35Z">
          <reporter-output>
          </reporter-output>
        </test-method> <!-- closeBrowser -->
      </class> <!-- Academy.validateNavigationBar -->
    </test> <!-- NavigationValidation -->
  </suite> <!-- Suite -->
</testng-results>
